01:50:31.003 [main] INFO  com.vig.practice.testcases.TC001_Registration - *********Clicking register**********
01:50:37.060 [main] INFO  com.vig.practice.testcases.TC001_Registration - *********Entering name**********
01:50:42.318 [main] INFO  com.vig.practice.testcases.TC001_Registration - *********Entering mail**********
01:50:47.479 [main] INFO  com.vig.practice.testcases.TC001_Registration - *********Entering phone**********
01:50:52.675 [main] INFO  com.vig.practice.testcases.TC001_Registration - *********Entering password**********
01:52:01.343 [main] INFO  com.vig.practice.testcases.TC001_Registration - *********Starting test**********
01:52:01.485 [main] INFO  com.vig.practice.testcases.TC001_Registration - *********Clicking register**********
01:52:07.471 [main] INFO  com.vig.practice.testcases.TC001_Registration - *********Entering name**********
01:52:12.650 [main] INFO  com.vig.practice.testcases.TC001_Registration - *********Entering mail**********
01:52:17.814 [main] INFO  com.vig.practice.testcases.TC001_Registration - *********Entering phone**********
01:52:22.968 [main] INFO  com.vig.practice.testcases.TC001_Registration - *********Entering password**********
01:54:16.511 [main] INFO  com.vig.practice.testcases.TC001_Registration - *********Starting test**********
01:54:16.647 [main] INFO  com.vig.practice.testcases.TC001_Registration - *********Clicking register**********
01:54:25.012 [main] INFO  com.vig.practice.testcases.TC001_Registration - *********Entering name**********
01:54:30.215 [main] INFO  com.vig.practice.testcases.TC001_Registration - *********Entering mail**********
01:54:35.392 [main] INFO  com.vig.practice.testcases.TC001_Registration - *********Entering phone**********
01:55:55.739 [main] INFO  com.vig.practice.testcases.TC001_Registration - *********Starting test**********
01:55:55.877 [main] INFO  com.vig.practice.testcases.TC001_Registration - *********Clicking register**********
01:56:02.091 [main] INFO  com.vig.practice.testcases.TC001_Registration - *********Entering name**********
01:56:07.330 [main] INFO  com.vig.practice.testcases.TC001_Registration - *********Entering mail**********
01:56:12.490 [main] INFO  com.vig.practice.testcases.TC001_Registration - *********Entering phone**********
01:56:17.887 [main] INFO  com.vig.practice.testcases.TC001_Registration - *********Clicking policy**********
01:56:22.959 [main] INFO  com.vig.practice.testcases.TC001_Registration - *********Clicking continue**********
01:56:29.231 [main] INFO  com.vig.practice.testcases.TC001_Registration - *********finished register**********
01:57:38.179 [main] INFO  com.vig.practice.testcases.TC001_Registration - *********Starting test**********
01:57:38.254 [main] INFO  com.vig.practice.testcases.TC001_Registration - *********Clicking register**********
01:57:45.462 [main] INFO  com.vig.practice.testcases.TC001_Registration - *********Entering name**********
01:57:50.705 [main] INFO  com.vig.practice.testcases.TC001_Registration - *********Entering mail**********
01:57:55.797 [main] INFO  com.vig.practice.testcases.TC001_Registration - *********Entering phone**********
01:58:01.253 [main] INFO  com.vig.practice.testcases.TC001_Registration - *********Clicking policy**********
01:58:06.359 [main] INFO  com.vig.practice.testcases.TC001_Registration - *********Clicking continue**********
01:58:13.039 [main] INFO  com.vig.practice.testcases.TC001_Registration - *********finished register**********
13:50:31.372 [main] INFO  com.vig.practice.testcases.TC001_Registration - *********Starting test**********
13:50:31.537 [main] INFO  com.vig.practice.testcases.TC001_Registration - *********Clicking register**********
13:50:38.305 [main] INFO  com.vig.practice.testcases.TC001_Registration - *********Entering name**********
13:50:43.689 [main] INFO  com.vig.practice.testcases.TC001_Registration - *********Entering mail**********
13:50:48.856 [main] INFO  com.vig.practice.testcases.TC001_Registration - *********Entering phone**********
13:50:54.301 [main] INFO  com.vig.practice.testcases.TC001_Registration - *********Clicking policy**********
13:50:59.380 [main] INFO  com.vig.practice.testcases.TC001_Registration - *********Clicking continue**********
13:51:06.019 [main] INFO  com.vig.practice.testcases.TC001_Registration - *********finished register**********
15:55:37.970 [main] INFO  com.vig.practice.testcases.TC001_Registration - *********Starting test**********
15:55:38.131 [main] INFO  com.vig.practice.testcases.TC001_Registration - *********Clicking register**********
15:55:44.497 [main] INFO  com.vig.practice.testcases.TC001_Registration - *********Entering name**********
15:55:49.759 [main] INFO  com.vig.practice.testcases.TC001_Registration - *********Entering mail**********
15:55:54.906 [main] INFO  com.vig.practice.testcases.TC001_Registration - *********Entering phone**********
15:56:00.425 [main] INFO  com.vig.practice.testcases.TC001_Registration - *********Clicking policy**********
